[debug] [2022-11-10T21:38:39.708Z] ----------------------------------------------------------------------
[debug] [2022-11-10T21:38:39.711Z] Command:       C:\Program Files\nodejs\node.exe C:\Users\USER\AppData\Roaming\npm\node_modules\firebase-tools\lib\bin\firebase.js deploy
[debug] [2022-11-10T21:38:39.712Z] CLI Version:   11.16.0
[debug] [2022-11-10T21:38:39.712Z] Platform:      win32
[debug] [2022-11-10T21:38:39.712Z] Node Version:  v18.10.0
[debug] [2022-11-10T21:38:39.713Z] Time:          Fri Nov 11 2022 03:38:39 GMT+0600 (Bangladesh Standard Time)
[debug] [2022-11-10T21:38:39.714Z] ----------------------------------------------------------------------
[debug] 
[debug] [2022-11-10T21:38:39.813Z] > command requires scopes: ["email","openid","https://www.googleapis.com/auth/cloudplatformprojects.readonly","https://www.googleapis.com/auth/firebase","https://www.googleapis.com/auth/cloud-platform"]
[debug] [2022-11-10T21:38:39.813Z] > authorizing via signed-in user (abir69832@gmail.com)
[debug] [2022-11-10T21:38:39.814Z] [iam] checking project photolab-a9b6f for permissions ["firebase.projects.get","firebasehosting.sites.update"]
[debug] [2022-11-10T21:38:39.816Z] >>> [apiv2][query] POST https://cloudresourcemanager.googleapis.com/v1/projects/photolab-a9b6f:testIamPermissions [none]
[debug] [2022-11-10T21:38:39.817Z] >>> [apiv2][(partial)header] POST https://cloudresourcemanager.googleapis.com/v1/projects/photolab-a9b6f:testIamPermissions x-goog-quota-user=projects/photolab-a9b6f
[debug] [2022-11-10T21:38:39.817Z] >>> [apiv2][body] POST https://cloudresourcemanager.googleapis.com/v1/projects/photolab-a9b6f:testIamPermissions {"permissions":["firebase.projects.get","firebasehosting.sites.update"]}
[debug] [2022-11-10T21:38:41.624Z] <<< [apiv2][status] POST https://cloudresourcemanager.googleapis.com/v1/projects/photolab-a9b6f:testIamPermissions 200
[debug] [2022-11-10T21:38:41.624Z] <<< [apiv2][body] POST https://cloudresourcemanager.googleapis.com/v1/projects/photolab-a9b6f:testIamPermissions {"permissions":["firebase.projects.get","firebasehosting.sites.update"]}
[debug] [2022-11-10T21:38:41.626Z] >>> [apiv2][query] GET https://firebase.googleapis.com/v1beta1/projects/photolab-a9b6f [none]
[debug] [2022-11-10T21:38:42.449Z] <<< [apiv2][status] GET https://firebase.googleapis.com/v1beta1/projects/photolab-a9b6f 200
[debug] [2022-11-10T21:38:42.450Z] <<< [apiv2][body] GET https://firebase.googleapis.com/v1beta1/projects/photolab-a9b6f {"projectId":"photolab-a9b6f","projectNumber":"711201033046","displayName":"photolab","name":"projects/photolab-a9b6f","resources":{"hostingSite":"photolab-a9b6f"},"state":"ACTIVE","etag":"1_5a5b7fa5-7350-4f5c-9880-4da9a0b4537b"}
[info] 
[info] === Deploying to 'photolab-a9b6f'...
[info] 
[info] i  deploying hosting 
[debug] [2022-11-10T21:38:42.458Z] >>> [apiv2][query] POST https://firebasehosting.googleapis.com/v1beta1/projects/-/sites/photolab-a9b6f/versions [none]
[debug] [2022-11-10T21:38:42.458Z] >>> [apiv2][body] POST https://firebasehosting.googleapis.com/v1beta1/projects/-/sites/photolab-a9b6f/versions {"status":"CREATED","labels":{"deployment-tool":"cli-firebase"}}
[debug] [2022-11-10T21:38:43.941Z] <<< [apiv2][status] POST https://firebasehosting.googleapis.com/v1beta1/projects/-/sites/photolab-a9b6f/versions 200
[debug] [2022-11-10T21:38:43.941Z] <<< [apiv2][body] POST https://firebasehosting.googleapis.com/v1beta1/projects/-/sites/photolab-a9b6f/versions {"name":"projects/711201033046/sites/photolab-a9b6f/versions/87ec864ad12e36ff","status":"CREATED","config":{},"labels":{"deployment-tool":"cli-firebase"}}
[info] i  hosting[photolab-a9b6f]: beginning deploy... 
[info] i  hosting[photolab-a9b6f]: found 14 files in build 
[debug] [2022-11-10T21:38:43.953Z] [hosting] uploading with 200 concurrency
[debug] [2022-11-10T21:38:44.328Z] [hosting] hash cache [YnVpbGQ] stored for 14 files
[debug] [2022-11-10T21:38:44.328Z] [hosting][hash queue][FINAL] {"max":366,"min":2,"avg":33.92857142857143,"active":0,"complete":14,"success":14,"errored":0,"retried":0,"total":14,"elapsed":372}
[debug] [2022-11-10T21:38:44.329Z] >>> [apiv2][query] POST https://firebasehosting.googleapis.com/v1beta1/projects/711201033046/sites/photolab-a9b6f/versions/87ec864ad12e36ff:populateFiles [none]
[debug] [2022-11-10T21:38:44.329Z] >>> [apiv2][body] POST https://firebasehosting.googleapis.com/v1beta1/projects/711201033046/sites/photolab-a9b6f/versions/87ec864ad12e36ff:populateFiles {"files":{"/choose.png":"d7c9dd5eca9dda4b689e6ae7f9eb20e36cb86122278336f166e74e7619514d41","/favicon.ico":"d518bf7edaf6c600a961e78731f3663004be56b61506973c86e3e0ec9cdd7931","/logo.png":"d518bf7edaf6c600a961e78731f3663004be56b61506973c86e3e0ec9cdd7931","/manifest.json":"aff3449bdc238776f5d6d967f19ec491b36aed5fb7f23ccff6500736fd58494a","/robots.txt":"bfe106a3fb878dc83461c86818bf74fc1bdc7f28538ba613cd3e775516ce8b49","/asset-manifest.json":"1063853c589a4393f503682a49cadc2e439c6263ac03e0b2990b01adc18969f0","/index.html":"98ee99787d202f07fd9bde97eb37c0470e0a0d3a0043eeb4290b47fcb7b6c4cf","/static/css/main.206fb3cf.css":"ff383bb8b05dc11dffe596243d604930c90860246ab83fb51e1c02fff837b1c6","/static/js/787.b827dc5b.chunk.js":"3b947f8830dcac3a67ad26c43f00527630f06ee2e32bf94d50a29cebc24c26b0","/static/js/787.b827dc5b.chunk.js.map":"db018e2baab06f935b868b31a6b0f9ec07e6dd72e745637624e9ea354f8ede81","/static/css/main.206fb3cf.css.map":"c95b33b0937de82e52878fa382fedf0f5a214dcc6f9665368d21993b9f4f3cf4","/static/js/main.06f2f118.js.LICENSE.txt":"29fba471d481398619ffd50250e8431add61c7c8208f77fc9b05cd1bf9708876","/static/js/main.06f2f118.js":"e14406835863fc881efd796266ed204173ab5c02e077ccf15e30cb4b5a920f98","/static/js/main.06f2f118.js.map":"1ad93fbf7b580a45170897450f337c3601b8ef8741b450c076e85f2f962f6f3e"}}
[debug] [2022-11-10T21:38:45.606Z] <<< [apiv2][status] POST https://firebasehosting.googleapis.com/v1beta1/projects/711201033046/sites/photolab-a9b6f/versions/87ec864ad12e36ff:populateFiles 200
[debug] [2022-11-10T21:38:45.606Z] <<< [apiv2][body] POST https://firebasehosting.googleapis.com/v1beta1/projects/711201033046/sites/photolab-a9b6f/versions/87ec864ad12e36ff:populateFiles {"uploadRequiredHashes":["98ee99787d202f07fd9bde97eb37c0470e0a0d3a0043eeb4290b47fcb7b6c4cf","e14406835863fc881efd796266ed204173ab5c02e077ccf15e30cb4b5a920f98","1ad93fbf7b580a45170897450f337c3601b8ef8741b450c076e85f2f962f6f3e","1063853c589a4393f503682a49cadc2e439c6263ac03e0b2990b01adc18969f0"],"uploadUrl":"https://upload-firebasehosting.googleapis.com/upload/sites/photolab-a9b6f/versions/87ec864ad12e36ff/files"}
[debug] [2022-11-10T21:38:45.608Z] >>> [apiv2][query] POST https://upload-firebasehosting.googleapis.com/upload/sites/photolab-a9b6f/versions/87ec864ad12e36ff/files/98ee99787d202f07fd9bde97eb37c0470e0a0d3a0043eeb4290b47fcb7b6c4cf [none]
[debug] [2022-11-10T21:38:45.608Z] >>> [apiv2][body] POST https://upload-firebasehosting.googleapis.com/upload/sites/photolab-a9b6f/versions/87ec864ad12e36ff/files/98ee99787d202f07fd9bde97eb37c0470e0a0d3a0043eeb4290b47fcb7b6c4cf [stream]
[debug] [2022-11-10T21:38:45.609Z] >>> [apiv2][query] POST https://upload-firebasehosting.googleapis.com/upload/sites/photolab-a9b6f/versions/87ec864ad12e36ff/files/e14406835863fc881efd796266ed204173ab5c02e077ccf15e30cb4b5a920f98 [none]
[debug] [2022-11-10T21:38:45.609Z] >>> [apiv2][body] POST https://upload-firebasehosting.googleapis.com/upload/sites/photolab-a9b6f/versions/87ec864ad12e36ff/files/e14406835863fc881efd796266ed204173ab5c02e077ccf15e30cb4b5a920f98 [stream]
[debug] [2022-11-10T21:38:45.611Z] >>> [apiv2][query] POST https://upload-firebasehosting.googleapis.com/upload/sites/photolab-a9b6f/versions/87ec864ad12e36ff/files/1ad93fbf7b580a45170897450f337c3601b8ef8741b450c076e85f2f962f6f3e [none]
[debug] [2022-11-10T21:38:45.611Z] >>> [apiv2][body] POST https://upload-firebasehosting.googleapis.com/upload/sites/photolab-a9b6f/versions/87ec864ad12e36ff/files/1ad93fbf7b580a45170897450f337c3601b8ef8741b450c076e85f2f962f6f3e [stream]
[debug] [2022-11-10T21:38:45.612Z] >>> [apiv2][query] POST https://upload-firebasehosting.googleapis.com/upload/sites/photolab-a9b6f/versions/87ec864ad12e36ff/files/1063853c589a4393f503682a49cadc2e439c6263ac03e0b2990b01adc18969f0 [none]
[debug] [2022-11-10T21:38:45.613Z] >>> [apiv2][body] POST https://upload-firebasehosting.googleapis.com/upload/sites/photolab-a9b6f/versions/87ec864ad12e36ff/files/1063853c589a4393f503682a49cadc2e439c6263ac03e0b2990b01adc18969f0 [stream]
[debug] [2022-11-10T21:38:45.614Z] [hosting][populate queue][FINAL] {"max":1282,"min":1282,"avg":1282,"active":0,"complete":1,"success":1,"errored":0,"retried":0,"total":1,"elapsed":1288}
[debug] [2022-11-10T21:38:45.614Z] [hosting] uploads queued: 4
[debug] [2022-11-10T21:38:48.006Z] <<< [apiv2][status] POST https://upload-firebasehosting.googleapis.com/upload/sites/photolab-a9b6f/versions/87ec864ad12e36ff/files/98ee99787d202f07fd9bde97eb37c0470e0a0d3a0043eeb4290b47fcb7b6c4cf 200
[debug] [2022-11-10T21:38:48.006Z] <<< [apiv2][body] POST https://upload-firebasehosting.googleapis.com/upload/sites/photolab-a9b6f/versions/87ec864ad12e36ff/files/98ee99787d202f07fd9bde97eb37c0470e0a0d3a0043eeb4290b47fcb7b6c4cf [stream]
[debug] [2022-11-10T21:38:48.061Z] <<< [apiv2][status] POST https://upload-firebasehosting.googleapis.com/upload/sites/photolab-a9b6f/versions/87ec864ad12e36ff/files/1063853c589a4393f503682a49cadc2e439c6263ac03e0b2990b01adc18969f0 200
[debug] [2022-11-10T21:38:48.062Z] <<< [apiv2][body] POST https://upload-firebasehosting.googleapis.com/upload/sites/photolab-a9b6f/versions/87ec864ad12e36ff/files/1063853c589a4393f503682a49cadc2e439c6263ac03e0b2990b01adc18969f0 [stream]
[debug] [2022-11-10T21:38:48.681Z] <<< [apiv2][status] POST https://upload-firebasehosting.googleapis.com/upload/sites/photolab-a9b6f/versions/87ec864ad12e36ff/files/1ad93fbf7b580a45170897450f337c3601b8ef8741b450c076e85f2f962f6f3e 200
[debug] [2022-11-10T21:38:48.681Z] <<< [apiv2][body] POST https://upload-firebasehosting.googleapis.com/upload/sites/photolab-a9b6f/versions/87ec864ad12e36ff/files/1ad93fbf7b580a45170897450f337c3601b8ef8741b450c076e85f2f962f6f3e [stream]
[debug] [2022-11-10T21:38:48.741Z] <<< [apiv2][status] POST https://upload-firebasehosting.googleapis.com/upload/sites/photolab-a9b6f/versions/87ec864ad12e36ff/files/e14406835863fc881efd796266ed204173ab5c02e077ccf15e30cb4b5a920f98 200
[debug] [2022-11-10T21:38:48.741Z] <<< [apiv2][body] POST https://upload-firebasehosting.googleapis.com/upload/sites/photolab-a9b6f/versions/87ec864ad12e36ff/files/e14406835863fc881efd796266ed204173ab5c02e077ccf15e30cb4b5a920f98 [stream]
[debug] [2022-11-10T21:38:48.742Z] [hosting][upload queue][FINAL] {"max":3134,"min":2400,"avg":2765.75,"active":0,"complete":4,"success":4,"errored":0,"retried":0,"total":4,"elapsed":3136}
[info] +  hosting[photolab-a9b6f]: file upload complete 
[debug] [2022-11-10T21:38:48.767Z] [hosting] deploy completed after 4824ms
[debug] [2022-11-10T21:38:48.771Z] [
  {
    "config": {
      "public": "build",
      "ignore": [
        "firebase.json",
        "**/.*",
        "**/node_modules/**"
      ],
      "rewrites": [
        {
          "source": "**",
          "destination": "/index.html"
        }
      ],
      "site": "photolab-a9b6f"
    },
    "version": "projects/711201033046/sites/photolab-a9b6f/versions/87ec864ad12e36ff"
  }
]
[info] i  hosting[photolab-a9b6f]: finalizing version... 
[debug] [2022-11-10T21:38:48.774Z] >>> [apiv2][query] PATCH https://firebasehosting.googleapis.com/v1beta1/projects/-/sites/photolab-a9b6f/versions/87ec864ad12e36ff updateMask=status%2Cconfig
[debug] [2022-11-10T21:38:48.774Z] >>> [apiv2][body] PATCH https://firebasehosting.googleapis.com/v1beta1/projects/-/sites/photolab-a9b6f/versions/87ec864ad12e36ff {"status":"FINALIZED","config":{"rewrites":[{"glob":"**","path":"/index.html"}]}}
